<?xml version="1.0" encoding="utf-8"?><testsuites name="pytest tests"><testsuite name="pytest" errors="0" failures="0" skipped="0" tests="21" time="2.282" timestamp="2026-05-27T10:00:38.307683+00:00" hostname="agent-env-2f89f0d9-e151-41f5-a29a-dbe4a13208e6"><testcase classname="backend.tests.test_payments" name="test_root" time="0.289" /><testcase classname="backend.tests.test_payments" name="test_create_payment_all_fields" time="0.055" /><testcase classname="backend.tests.test_payments" name="test_get_payment_persisted" time="0.048" /><testcase classname="backend.tests.test_payments" name="test_list_payments_contains_created" time="0.049" /><testcase classname="backend.tests.test_payments" name="test_create_more_payments_diverse_status" time="0.098" /><testcase classname="backend.tests.test_payments" name="test_filter_by_status_pending" time="0.045" /><testcase classname="backend.tests.test_payments" name="test_search_by_merchant_bescom" time="0.047" /><testcase classname="backend.tests.test_payments" name="test_search_by_transaction_id" time="0.048" /><testcase classname="backend.tests.test_payments" name="test_search_by_bank" time="0.046" /><testcase classname="backend.tests.test_payments" name="test_stats_aggregation" time="0.047" /><testcase classname="backend.tests.test_payments" name="test_update_status_pending_to_refunded" time="0.187" /><testcase classname="backend.tests.test_payments" name="test_update_no_fields_returns_400" time="0.061" /><testcase classname="backend.tests.test_payments" name="test_get_payment_404" time="0.046" /><testcase classname="backend.tests.test_payments" name="test_update_payment_404" time="0.047" /><testcase classname="backend.tests.test_payments" name="test_upload_screenshot_png" time="0.198" /><testcase classname="backend.tests.test_payments" name="test_upload_screenshot_rejects_non_image" time="0.046" /><testcase classname="backend.tests.test_payments" name="test_download_screenshot" time="0.147" /><testcase classname="backend.tests.test_payments" name="test_download_screenshot_404" time="0.046" /><testcase classname="backend.tests.test_payments" name="test_payment_with_screenshot_link" time="0.096" /><testcase classname="backend.tests.test_payments" name="test_delete_payment_and_verify_404" time="0.098" /><testcase classname="backend.tests.test_payments" name="test_delete_payment_404" time="0.442" /></testsuite></testsuites>